<?xml version="1.0" encoding="UTF-8" ?>
<testsuite failures="0" time="0.567" errors="0" skipped="0" tests="1" name="TestSuite">
  <properties>
    <property name="java.runtime.name" value="Java(TM) SE Runtime Environment"/>
    <property name="sun.boot.library.path" value="C:\Program Files\Java\jdk1.6.0_21\jre\bin"/>
    <property name="java.vm.version" value="17.0-b17"/>
    <property name="java.vm.vendor" value="Sun Microsystems Inc."/>
    <property name="java.vendor.url" value="http://java.sun.com/"/>
    <property name="path.separator" value=";"/>
    <property name="java.vm.name" value="Java HotSpot(TM) 64-Bit Server VM"/>
    <property name="file.encoding.pkg" value="sun.io"/>
    <property name="user.country" value="US"/>
    <property name="sun.java.launcher" value="SUN_STANDARD"/>
    <property name="sun.os.patch.level" value=""/>
    <property name="java.vm.specification.name" value="Java Virtual Machine Specification"/>
    <property name="user.dir" value="C:\Users\mike\nasa-countdown-solv-java"/>
    <property name="java.runtime.version" value="1.6.0_21-b07"/>
    <property name="java.awt.graphicsenv" value="sun.awt.Win32GraphicsEnvironment"/>
    <property name="basedir" value="C:\Users\mike\nasa-countdown-solv-java"/>
    <property name="java.endorsed.dirs" value="C:\Program Files\Java\jdk1.6.0_21\jre\lib\endorsed"/>
    <property name="os.arch" value="amd64"/>
    <property name="surefire.real.class.path" value="C:\Users\mike\AppData\Local\Temp\surefirebooter7254530328725977009.jar"/>
    <property name="java.io.tmpdir" value="C:\Users\mike\AppData\Local\Temp\"/>
    <property name="line.separator" value="
"/>
    <property name="java.vm.specification.vendor" value="Sun Microsystems Inc."/>
    <property name="user.variant" value=""/>
    <property name="os.name" value="Windows 7"/>
    <property name="sun.jnu.encoding" value="Cp1252"/>
    <property name="java.library.path" value="C:\Program Files\Java\jdk1.6.0_21\jre\bin;.;C:\Windows\Sun\Java\bin;C:\Windows\system32;C:\Windows;c:\Program Files (x86)\NVIDIA Corporation\PhysX\Common;C:\Windows\system32;C:\Windows;C:\Windows\System32\Wbem;C:\Windows\System32\WindowsPowerShell\v1.0\;C:\Program Files (x86)\Common Files\DivX Shared\;C:\Program Files (x86)\apache-maven-2.2.1\bin;C:\Program Files (x86)\QuickTime\QTSystem\"/>
    <property name="surefire.test.class.path" value="C:\Users\mike\nasa-countdown-solv-java\target\test-classes;C:\Users\mike\nasa-countdown-solv-java\target\classes;C:\Users\mike\.m2\repository\org\codingkata\unit\nasa-countdown-task\1.03\nasa-countdown-task-1.03.jar;C:\Users\mike\.m2\repository\org\codingkata\unit\common\1.4.0\common-1.4.0.jar;C:\Users\mike\.m2\repository\commons-io\commons-io\1.4\commons-io-1.4.jar;C:\Users\mike\.m2\repository\org\codingkata\common-integr\1.4.0\common-integr-1.4.0.jar;C:\Users\mike\.m2\repository\commons-codec\commons-codec\1.4\commons-codec-1.4.jar;C:\Users\mike\.m2\repository\org\jasypt\jasypt\1.6\jasypt-1.6.jar;C:\Users\mike\.m2\repository\commons-lang\commons-lang\2.1\commons-lang-2.1.jar;C:\Users\mike\.m2\repository\org\testng\testng\5.11\testng-5.11-jdk15.jar;C:\Users\mike\.m2\repository\junit\junit\3.8.1\junit-3.8.1.jar;C:\Users\mike\.m2\repository\org\codingkata\unit\common-test\1.4.0\common-test-1.4.0.jar;C:\Users\mike\.m2\repository\org\codingkata\unit\common-exec\1.4.0\common-exec-1.4.0.jar;"/>
    <property name="java.specification.name" value="Java Platform API Specification"/>
    <property name="java.class.version" value="50.0"/>
    <property name="sun.management.compiler" value="HotSpot 64-Bit Server Compiler"/>
    <property name="os.version" value="6.1"/>
    <property name="user.home" value="C:\Users\mike"/>
    <property name="user.timezone" value="America/New_York"/>
    <property name="java.awt.printerjob" value="sun.awt.windows.WPrinterJob"/>
    <property name="java.specification.version" value="1.6"/>
    <property name="file.encoding" value="Cp1252"/>
    <property name="user.name" value="mike"/>
    <property name="java.class.path" value="C:\Users\mike\nasa-countdown-solv-java\target\test-classes;C:\Users\mike\nasa-countdown-solv-java\target\classes;C:\Users\mike\.m2\repository\org\codingkata\unit\nasa-countdown-task\1.03\nasa-countdown-task-1.03.jar;C:\Users\mike\.m2\repository\org\codingkata\unit\common\1.4.0\common-1.4.0.jar;C:\Users\mike\.m2\repository\commons-io\commons-io\1.4\commons-io-1.4.jar;C:\Users\mike\.m2\repository\org\codingkata\common-integr\1.4.0\common-integr-1.4.0.jar;C:\Users\mike\.m2\repository\commons-codec\commons-codec\1.4\commons-codec-1.4.jar;C:\Users\mike\.m2\repository\org\jasypt\jasypt\1.6\jasypt-1.6.jar;C:\Users\mike\.m2\repository\commons-lang\commons-lang\2.1\commons-lang-2.1.jar;C:\Users\mike\.m2\repository\org\testng\testng\5.11\testng-5.11-jdk15.jar;C:\Users\mike\.m2\repository\junit\junit\3.8.1\junit-3.8.1.jar;C:\Users\mike\.m2\repository\org\codingkata\unit\common-test\1.4.0\common-test-1.4.0.jar;C:\Users\mike\.m2\repository\org\codingkata\unit\common-exec\1.4.0\common-exec-1.4.0.jar;"/>
    <property name="java.vm.specification.version" value="1.0"/>
    <property name="sun.arch.data.model" value="64"/>
    <property name="java.home" value="C:\Program Files\Java\jdk1.6.0_21\jre"/>
    <property name="java.specification.vendor" value="Sun Microsystems Inc."/>
    <property name="user.language" value="en"/>
    <property name="awt.toolkit" value="sun.awt.windows.WToolkit"/>
    <property name="java.vm.info" value="mixed mode"/>
    <property name="java.version" value="1.6.0_21"/>
    <property name="java.ext.dirs" value="C:\Program Files\Java\jdk1.6.0_21\jre\lib\ext;C:\Windows\Sun\Java\lib\ext"/>
    <property name="sun.boot.class.path" value="C:\Program Files\Java\jdk1.6.0_21\jre\lib\resources.jar;C:\Program Files\Java\jdk1.6.0_21\jre\lib\rt.jar;C:\Program Files\Java\jdk1.6.0_21\jre\lib\sunrsasign.jar;C:\Program Files\Java\jdk1.6.0_21\jre\lib\jsse.jar;C:\Program Files\Java\jdk1.6.0_21\jre\lib\jce.jar;C:\Program Files\Java\jdk1.6.0_21\jre\lib\charsets.jar;C:\Program Files\Java\jdk1.6.0_21\jre\classes"/>
    <property name="java.vendor" value="Sun Microsystems Inc."/>
    <property name="localRepository" value="C:\Users\mike\.m2\repository"/>
    <property name="file.separator" value="\"/>
    <property name="java.vendor.url.bug" value="http://java.sun.com/cgi-bin/bugreport.cgi"/>
    <property name="sun.cpu.endian" value="little"/>
    <property name="sun.io.unicode.encoding" value="UnicodeLittle"/>
    <property name="sun.desktop" value="windows"/>
    <property name="sun.cpu.isalist" value="amd64"/>
  </properties>
  <testcase time="0.074" classname="org.codingkata.unit.IntegrationTest" name="testKata"/>
</testsuite>